{
  "RSpec": {
    "coverage": {
      "/app/app/models/post.rb": {
        "lines": [
          1,
          1,
          1,
          null,
          1,
          1,
          null
        ]
      },
      "/app/app/models/application_record.rb": {
        "lines": [
          1,
          1,
          null
        ]
      },
      "/app/app/models/rating.rb": {
        "lines": [
          1,
          1,
          1,
          null,
          1,
          1,
          null
        ]
      },
      "/app/app/models/user.rb": {
        "lines": [
          1,
          1,
          null,
          null,
          null,
          null,
          1,
          1,
          null
        ]
      },
      "/app/app/controllers/api/v1/posts_controller.rb": {
        "lines": [
          1,
          1,
          1,
          1,
          10,
          null,
          10,
          null,
          null,
          1,
          1,
          null,
          1,
          null,
          null,
          1,
          null,
          1,
          10,
          null,
          null,
          null,
          null
        ]
      },
      "/app/app/controllers/application_controller.rb": {
        "lines": [
          1,
          null
        ]
      },
      "/app/app/controllers/api/v1/ratings_controller.rb": {
        "lines": [
          1,
          1,
          1,
          1,
          8,
          null,
          8,
          null,
          null,
          1,
          1,
          null,
          1,
          null,
          null,
          1,
          null,
          1,
          8,
          null,
          null,
          null,
          null
        ]
      },
      "/app/app/services/post_analytics_service.rb": {
        "lines": [
          1,
          1,
          null,
          1,
          6,
          null,
          null,
          1,
          3,
          null,
          null,
          null,
          null,
          null,
          null,
          1,
          2,
          null,
          null,
          null,
          null,
          null
        ]
      },
      "/app/app/services/post_creator_service.rb": {
        "lines": [
          1,
          1,
          19,
          19,
          19,
          null,
          null,
          1,
          19,
          19,
          17,
          null,
          9,
          null,
          null,
          null,
          9,
          null,
          1,
          null,
          null
        ]
      },
      "/app/app/services/rating_creator_service.rb": {
        "lines": [
          1,
          1,
          12,
          null,
          null,
          1,
          12,
          12,
          null,
          4,
          null,
          null,
          7,
          null,
          1,
          null,
          null
        ]
      },
      "/app/app/jobs/application_job.rb": {
        "lines": [
          0,
          null,
          null,
          null,
          null,
          null,
          0
        ],
        "branches": {}
      },
      "/app/app/mailers/application_mailer.rb": {
        "lines": [
          0,
          0,
          0,
          0
        ],
        "branches": {}
      }
    },
    "timestamp": 1739841925
  }
}
